<?xml version="1.0" encoding="UTF-8"?>
<testsuite xmlns:xsi="http://www.w3.org/2001/XMLSchema-instance" xsi:noNamespaceSchemaLocation="https://maven.apache.org/surefire/maven-surefire-plugin/xsd/surefire-test-report.xsd" name="avl.AvlTreeTest" time="0.037" tests="21" errors="0" skipped="0" failures="0">
  <properties>
    <property name="java.specification.version" value="19"/>
    <property name="sun.cpu.isalist" value="amd64"/>
    <property name="sun.jnu.encoding" value="Cp1252"/>
    <property name="java.class.path" value="C:\Users\Usuario\Desktop\UMA\3\2Cuatri\Mantenimiento\MantenimientoAVL\target\test-classes;C:\Users\Usuario\Desktop\UMA\3\2Cuatri\Mantenimiento\MantenimientoAVL\target\classes;C:\Users\Usuario\.m2\repository\junit\junit\4.13.1\junit-4.13.1.jar;C:\Users\Usuario\.m2\repository\org\hamcrest\hamcrest-core\1.3\hamcrest-core-1.3.jar;"/>
    <property name="java.vm.vendor" value="Oracle Corporation"/>
    <property name="sun.arch.data.model" value="64"/>
    <property name="user.variant" value=""/>
    <property name="java.vendor.url" value="https://java.oracle.com/"/>
    <property name="user.timezone" value="Europe/Madrid"/>
    <property name="os.name" value="Windows 10"/>
    <property name="java.vm.specification.version" value="19"/>
    <property name="sun.java.launcher" value="SUN_STANDARD"/>
    <property name="user.country" value="ES"/>
    <property name="sun.boot.library.path" value="C:\Program Files\Java\jdk-19\bin"/>
    <property name="sun.java.command" value="C:\Users\Usuario\AppData\Local\Temp\surefire2006349241716823302\surefirebooter9715744514555594872.jar C:\Users\Usuario\AppData\Local\Temp\surefire2006349241716823302 2023-05-12T12-12-26_649-jvmRun1 surefire17853857028418019086tmp surefire_015577130939968269441tmp"/>
    <property name="jdk.debug" value="release"/>
    <property name="surefire.test.class.path" value="C:\Users\Usuario\Desktop\UMA\3\2Cuatri\Mantenimiento\MantenimientoAVL\target\test-classes;C:\Users\Usuario\Desktop\UMA\3\2Cuatri\Mantenimiento\MantenimientoAVL\target\classes;C:\Users\Usuario\.m2\repository\junit\junit\4.13.1\junit-4.13.1.jar;C:\Users\Usuario\.m2\repository\org\hamcrest\hamcrest-core\1.3\hamcrest-core-1.3.jar;"/>
    <property name="sun.cpu.endian" value="little"/>
    <property name="user.home" value="C:\Users\Usuario"/>
    <property name="user.language" value="es"/>
    <property name="java.specification.vendor" value="Oracle Corporation"/>
    <property name="java.version.date" value="2023-01-17"/>
    <property name="java.home" value="C:\Program Files\Java\jdk-19"/>
    <property name="file.separator" value="\"/>
    <property name="basedir" value="C:\Users\Usuario\Desktop\UMA\3\2Cuatri\Mantenimiento\MantenimientoAVL"/>
    <property name="java.vm.compressedOopsMode" value="Zero based"/>
    <property name="line.separator" value="&#10;"/>
    <property name="java.vm.specification.vendor" value="Oracle Corporation"/>
    <property name="java.specification.name" value="Java Platform API Specification"/>
    <property name="surefire.real.class.path" value="C:\Users\Usuario\AppData\Local\Temp\surefire2006349241716823302\surefirebooter9715744514555594872.jar"/>
    <property name="user.script" value=""/>
    <property name="sun.management.compiler" value="HotSpot 64-Bit Tiered Compilers"/>
    <property name="java.runtime.version" value="19.0.2+7-44"/>
    <property name="user.name" value="Usuario"/>
    <property name="stdout.encoding" value="Cp1252"/>
    <property name="path.separator" value=";"/>
    <property name="os.version" value="10.0"/>
    <property name="java.runtime.name" value="Java(TM) SE Runtime Environment"/>
    <property name="file.encoding" value="UTF-8"/>
    <property name="java.vm.name" value="Java HotSpot(TM) 64-Bit Server VM"/>
    <property name="localRepository" value="C:\Users\Usuario\.m2\repository"/>
    <property name="java.vendor.url.bug" value="https://bugreport.java.com/bugreport/"/>
    <property name="java.io.tmpdir" value="C:\Users\Usuario\AppData\Local\Temp\"/>
    <property name="java.version" value="19.0.2"/>
    <property name="user.dir" value="C:\Users\Usuario\Desktop\UMA\3\2Cuatri\Mantenimiento\MantenimientoAVL"/>
    <property name="os.arch" value="amd64"/>
    <property name="java.vm.specification.name" value="Java Virtual Machine Specification"/>
    <property name="sun.os.patch.level" value=""/>
    <property name="native.encoding" value="Cp1252"/>
    <property name="java.library.path" value="C:\Program Files\Java\jdk-19\bin;C:\Windows\Sun\Java\bin;C:\Windows\system32;C:\Windows;C:\Program Files\Common Files\Oracle\Java\javapath;C:\Program Files (x86)\Common Files\Oracle\Java\javapath;C:\Program Files\Haskell\bin;C:\Program Files\Haskell Platform\8.6.5\lib\extralibs\bin;C:\Program Files\Haskell Platform\8.6.5\bin;C:\Windows\system32;C:\Windows;C:\Windows\System32\Wbem;C:\Windows\System32\WindowsPowerShell\v1.0\;C:\Windows\System32\OpenSSH\;C:\Program Files\Haskell Platform\8.6.5\mingw\bin;C:\Program Files\Git\cmd;C:\Program Files\dotnet\;C:\Program Files\nodejs\;C:\Program Files\MySQL\MySQL Shell 8.0\bin\;C:\MinGW\bin;C:\Users\Usuario\AppData\Roaming\cabal\bin;C:\Users\Usuario\AppData\Roaming\local\bin;C:\Users\Usuario\AppData\Local\Microsoft\WindowsApps;C:\Users\Usuario\AppData\Local\Programs\Microsoft VS Code\bin;C:\Users\Usuario\.dotnet\tools;C:\Maven\apache-maven-3.8.7\bin;C:\Users\Usuario\AppData\Roaming\npm;."/>
    <property name="java.vm.info" value="mixed mode, sharing"/>
    <property name="stderr.encoding" value="Cp1252"/>
    <property name="java.vendor" value="Oracle Corporation"/>
    <property name="java.vm.version" value="19.0.2+7-44"/>
    <property name="sun.io.unicode.encoding" value="UnicodeLittle"/>
    <property name="java.class.version" value="63.0"/>
  </properties>
  <testcase name="testInserting7_4_3_2_1" classname="avl.AvlTreeTest" time="0"/>
  <testcase name="testInserting7_8_9_10_11" classname="avl.AvlTreeTest" time="0"/>
  <testcase name="testDeletingNodesWithTwoLeaves" classname="avl.AvlTreeTest" time="0"/>
  <testcase name="testDeletingAndRebalancing" classname="avl.AvlTreeTest" time="0"/>
  <testcase name="testSearchNode" classname="avl.AvlTreeTest" time="0.001"/>
  <testcase name="testInsertingLeftLeftNodeAndRebalance" classname="avl.AvlTreeTest" time="0"/>
  <testcase name="testFindSuccessor" classname="avl.AvlTreeTest" time="0"/>
  <testcase name="testInsertingRightElement" classname="avl.AvlTreeTest" time="0"/>
  <testcase name="testInsertingLeftRightNodeAndRebalance" classname="avl.AvlTreeTest" time="0"/>
  <testcase name="testInsertTop" classname="avl.AvlTreeTest" time="0"/>
  <testcase name="testDeletingTopNode" classname="avl.AvlTreeTest" time="0"/>
  <testcase name="testInsertingRightRightNodeAndRebalance" classname="avl.AvlTreeTest" time="0"/>
  <testcase name="testDeletingLeafNodes" classname="avl.AvlTreeTest" time="0"/>
  <testcase name="testInsertingRightLeftNodeAndRebalance" classname="avl.AvlTreeTest" time="0"/>
  <testcase name="testCompareNodes" classname="avl.AvlTreeTest" time="0"/>
  <testcase name="testInsertingLeftElement" classname="avl.AvlTreeTest" time="0"/>
  <testcase name="testHeightAndBalanceOfASimpleBalancedTree" classname="avl.AvlTreeTest" time="0"/>
  <testcase name="testSearchClosestNode" classname="avl.AvlTreeTest" time="0"/>
  <testcase name="testDeletingNodesWithOneLeaf" classname="avl.AvlTreeTest" time="0"/>
  <testcase name="testInsertingRightAndLeftElementsJustAfterTop" classname="avl.AvlTreeTest" time="0"/>
  <testcase name="testAvlIsEmpty" classname="avl.AvlTreeTest" time="0"/>
</testsuite>