<?xml version="1.0" encoding="UTF-8"?>
<testsuite xmlns:xsi="http://www.w3.org/2001/XMLSchema-instance" xsi:noNamespaceSchemaLocation="https://maven.apache.org/surefire/maven-surefire-plugin/xsd/surefire-test-report.xsd" name="avl.AvlTreeTest" time="0.008" tests="21" errors="0" skipped="0" failures="0">
  <properties>
    <property name="java.specification.version" value="19"/>
    <property name="sun.cpu.isalist" value="amd64"/>
    <property name="sun.jnu.encoding" value="Cp1252"/>
    <property name="java.class.path" value="C:\WorkspaceIntellijMantenimiento\MantenimientoAVL\target\test-classes;C:\WorkspaceIntellijMantenimiento\MantenimientoAVL\target\classes;C:\Users\juanj\.m2\repository\junit\junit\4.13.1\junit-4.13.1.jar;C:\Users\juanj\.m2\repository\org\hamcrest\hamcrest-core\1.3\hamcrest-core-1.3.jar;"/>
    <property name="java.vm.vendor" value="Oracle Corporation"/>
    <property name="sun.arch.data.model" value="64"/>
    <property name="user.variant" value=""/>
    <property name="java.vendor.url" value="https://java.oracle.com/"/>
    <property name="user.timezone" value="Europe/Madrid"/>
    <property name="os.name" value="Windows 11"/>
    <property name="java.vm.specification.version" value="19"/>
    <property name="sun.java.launcher" value="SUN_STANDARD"/>
    <property name="user.country" value="ES"/>
    <property name="sun.boot.library.path" value="C:\Program Files\Java\jdk-19\bin"/>
    <property name="sun.java.command" value="C:\Users\juanj\AppData\Local\Temp\surefire6735379682480542915\surefirebooter3526590666506600214.jar C:\Users\juanj\AppData\Local\Temp\surefire6735379682480542915 2023-05-12T12-05-24_900-jvmRun1 surefire11160324314574273781tmp surefire_011919634983580655446tmp"/>
    <property name="jdk.debug" value="release"/>
    <property name="surefire.test.class.path" value="C:\WorkspaceIntellijMantenimiento\MantenimientoAVL\target\test-classes;C:\WorkspaceIntellijMantenimiento\MantenimientoAVL\target\classes;C:\Users\juanj\.m2\repository\junit\junit\4.13.1\junit-4.13.1.jar;C:\Users\juanj\.m2\repository\org\hamcrest\hamcrest-core\1.3\hamcrest-core-1.3.jar;"/>
    <property name="sun.cpu.endian" value="little"/>
    <property name="user.home" value="C:\Users\juanj"/>
    <property name="user.language" value="es"/>
    <property name="java.specification.vendor" value="Oracle Corporation"/>
    <property name="java.version.date" value="2023-01-17"/>
    <property name="java.home" value="C:\Program Files\Java\jdk-19"/>
    <property name="file.separator" value="\"/>
    <property name="basedir" value="C:\WorkspaceIntellijMantenimiento\MantenimientoAVL"/>
    <property name="java.vm.compressedOopsMode" value="Zero based"/>
    <property name="line.separator" value="&#10;"/>
    <property name="java.vm.specification.vendor" value="Oracle Corporation"/>
    <property name="java.specification.name" value="Java Platform API Specification"/>
    <property name="surefire.real.class.path" value="C:\Users\juanj\AppData\Local\Temp\surefire6735379682480542915\surefirebooter3526590666506600214.jar"/>
    <property name="user.script" value=""/>
    <property name="sun.management.compiler" value="HotSpot 64-Bit Tiered Compilers"/>
    <property name="java.runtime.version" value="19.0.2+7-44"/>
    <property name="user.name" value="juanj"/>
    <property name="stdout.encoding" value="Cp1252"/>
    <property name="path.separator" value=";"/>
    <property name="os.version" value="10.0"/>
    <property name="java.runtime.name" value="Java(TM) SE Runtime Environment"/>
    <property name="file.encoding" value="UTF-8"/>
    <property name="java.vm.name" value="Java HotSpot(TM) 64-Bit Server VM"/>
    <property name="localRepository" value="C:\Users\juanj\.m2\repository"/>
    <property name="java.vendor.url.bug" value="https://bugreport.java.com/bugreport/"/>
    <property name="java.io.tmpdir" value="C:\Users\juanj\AppData\Local\Temp\"/>
    <property name="java.version" value="19.0.2"/>
    <property name="user.dir" value="C:\WorkspaceIntellijMantenimiento\MantenimientoAVL"/>
    <property name="os.arch" value="amd64"/>
    <property name="java.vm.specification.name" value="Java Virtual Machine Specification"/>
    <property name="sun.os.patch.level" value=""/>
    <property name="native.encoding" value="Cp1252"/>
    <property name="java.library.path" value="C:\Program Files\Java\jdk-19\bin;C:\WINDOWS\Sun\Java\bin;C:\WINDOWS\system32;C:\WINDOWS;C:\Program Files (x86)\VMware\VMware Workstation\bin\;C:\Program Files\Common Files\Oracle\Java\javapath;C:\Program Files\Haskell\bin;C:\Program Files\Haskell Platform\8.6.5\lib\extralibs\bin;C:\Program Files\Haskell Platform\8.6.5\bin;C:\Program Files (x86)\Common Files\Oracle\Java\javapath;C:\Windows\system32;C:\Windows;C:\Windows\System32\Wbem;C:\Windows\System32\WindowsPowerShell\v1.0\;C:\Windows\System32\OpenSSH\;C:\Program Files\Haskell Platform\8.6.5\mingw\bin;C:\Program Files\Git\cmd;C:\apache-maven-3.8.7\bin;C:\apache-tomee-webprofile-9.0.0\bin;C:\Program Files\MATLAB\R2022b\bin;;C:\Program Files\NVIDIA Corporation\NVIDIA NvDLISR;C:\Program Files (x86)\NVIDIA Corporation\PhysX\Common;C:\Program Files\AutoFirma\AutoFirma;C:\Program Files\Docker\Docker\resources\bin;C:\WINDOWS\system32;C:\WINDOWS;C:\WINDOWS\System32\Wbem;C:\WINDOWS\System32\WindowsPowerShell\v1.0\;C:\WINDOWS\System32\OpenSSH\;C:\Program Files\AutoFirmaJA\AutoFirmaJA;C:\Program Files\nodejs\;C:\Users\juanj\.console-ninja\.bin;C:\Program Files\MySQL\MySQL Shell 8.0\bin\;C:\ProgramData\MATLAB\SupportPackages\R2022b\3P.instrset\ev3sourcerylite.instrset\CodeSourcery\bin;C:\Users\juanj\AppData\Local\Programs\Python\Python311\Scripts\;C:\Users\juanj\AppData\Local\Programs\Python\Python311\;C:\Users\juanj\AppData\Roaming\cabal\bin;C:\Users\juanj\AppData\Roaming\local\bin;C:\Users\juanj\AppData\Local\Microsoft\WindowsApps;C:\Users\juanj\AppData\Local\Programs\Microsoft VS Code\bin;C:\Users\juanj\AppData\Roaming\npm;."/>
    <property name="java.vm.info" value="mixed mode, sharing"/>
    <property name="stderr.encoding" value="Cp1252"/>
    <property name="java.vendor" value="Oracle Corporation"/>
    <property name="java.vm.version" value="19.0.2+7-44"/>
    <property name="sun.io.unicode.encoding" value="UnicodeLittle"/>
    <property name="java.class.version" value="63.0"/>
  </properties>
  <testcase name="testInserting7_4_3_2_1" classname="avl.AvlTreeTest" time="0"/>
  <testcase name="testInserting7_8_9_10_11" classname="avl.AvlTreeTest" time="0"/>
  <testcase name="testDeletingNodesWithTwoLeaves" classname="avl.AvlTreeTest" time="0"/>
  <testcase name="testDeletingAndRebalancing" classname="avl.AvlTreeTest" time="0"/>
  <testcase name="testSearchNode" classname="avl.AvlTreeTest" time="0"/>
  <testcase name="testInsertingLeftLeftNodeAndRebalance" classname="avl.AvlTreeTest" time="0"/>
  <testcase name="testFindSuccessor" classname="avl.AvlTreeTest" time="0"/>
  <testcase name="testInsertingRightElement" classname="avl.AvlTreeTest" time="0"/>
  <testcase name="testInsertingLeftRightNodeAndRebalance" classname="avl.AvlTreeTest" time="0"/>
  <testcase name="testInsertTop" classname="avl.AvlTreeTest" time="0"/>
  <testcase name="testDeletingTopNode" classname="avl.AvlTreeTest" time="0"/>
  <testcase name="testInsertingRightRightNodeAndRebalance" classname="avl.AvlTreeTest" time="0"/>
  <testcase name="testDeletingLeafNodes" classname="avl.AvlTreeTest" time="0"/>
  <testcase name="testInsertingRightLeftNodeAndRebalance" classname="avl.AvlTreeTest" time="0.001"/>
  <testcase name="testCompareNodes" classname="avl.AvlTreeTest" time="0.001"/>
  <testcase name="testInsertingLeftElement" classname="avl.AvlTreeTest" time="0"/>
  <testcase name="testHeightAndBalanceOfASimpleBalancedTree" classname="avl.AvlTreeTest" time="0.001"/>
  <testcase name="testSearchClosestNode" classname="avl.AvlTreeTest" time="0.001"/>
  <testcase name="testDeletingNodesWithOneLeaf" classname="avl.AvlTreeTest" time="0.001"/>
  <testcase name="testInsertingRightAndLeftElementsJustAfterTop" classname="avl.AvlTreeTest" time="0"/>
  <testcase name="testAvlIsEmpty" classname="avl.AvlTreeTest" time="0"/>
</testsuite>