<?xml version="1.0" encoding="UTF-8" ?>
<testsuite tests="21" failures="0" name="avl.AvlTreeTest" time="0.019" errors="0" skipped="0">
  <properties>
    <property name="java.runtime.name" value="Java(TM) SE Runtime Environment"/>
    <property name="java.vm.version" value="19.0.2+7-44"/>
    <property name="sun.boot.library.path" value="C:\Program Files\Java\jdk-19\bin"/>
    <property name="maven.multiModuleProjectDirectory" value="C:\WorkspaceIntellijMantenimiento\avltree-master"/>
    <property name="java.vm.vendor" value="Oracle Corporation"/>
    <property name="java.vendor.url" value="https://java.oracle.com/"/>
    <property name="guice.disable.misplaced.annotation.check" value="true"/>
    <property name="path.separator" value=";"/>
    <property name="java.vm.name" value="Java HotSpot(TM) 64-Bit Server VM"/>
    <property name="sun.os.patch.level" value=""/>
    <property name="user.script" value=""/>
    <property name="user.country" value="ES"/>
    <property name="sun.java.launcher" value="SUN_STANDARD"/>
    <property name="java.vm.specification.name" value="Java Virtual Machine Specification"/>
    <property name="user.dir" value="C:\WorkspaceIntellijMantenimiento\avltree-master"/>
    <property name="java.vm.compressedOopsMode" value="Zero based"/>
    <property name="java.runtime.version" value="19.0.2+7-44"/>
    <property name="os.arch" value="amd64"/>
    <property name="java.io.tmpdir" value="C:\Users\juanj\AppData\Local\Temp\"/>
    <property name="line.separator" value="
"/>
    <property name="java.vm.specification.vendor" value="Oracle Corporation"/>
    <property name="user.variant" value=""/>
    <property name="stderr.encoding" value="cp850"/>
    <property name="os.name" value="Windows 11"/>
    <property name="classworlds.conf" value="C:\apache-maven-3.8.7\bin\m2.conf"/>
    <property name="sun.jnu.encoding" value="Cp1252"/>
    <property name="stdout.encoding" value="cp850"/>
    <property name="java.library.path" value="C:\Program Files\Java\jdk-19\bin;C:\WINDOWS\Sun\Java\bin;C:\WINDOWS\system32;C:\WINDOWS;C:\Program Files\Common Files\Oracle\Java\javapath;C:\Program Files\Haskell\bin;C:\Program Files\Haskell Platform\8.6.5\lib\extralibs\bin;C:\Program Files\Haskell Platform\8.6.5\bin;C:\Program Files (x86)\Common Files\Oracle\Java\javapath;C:\Windows\system32;C:\Windows;C:\Windows\System32\Wbem;C:\Windows\System32\WindowsPowerShell\v1.0\;C:\Windows\System32\OpenSSH\;C:\Program Files\Haskell Platform\8.6.5\mingw\bin;C:\Program Files\Git\cmd;C:\apache-maven-3.8.7\bin;C:\apache-tomee-webprofile-9.0.0\bin;C:\Program Files\MATLAB\R2022b\bin;;C:\Program Files\NVIDIA Corporation\NVIDIA NvDLISR;C:\Program Files (x86)\NVIDIA Corporation\PhysX\Common;C:\Program Files\AutoFirma\AutoFirma;C:\Program Files\Docker\Docker\resources\bin;C:\WINDOWS\system32;C:\WINDOWS;C:\WINDOWS\System32\Wbem;C:\WINDOWS\System32\WindowsPowerShell\v1.0\;C:\WINDOWS\System32\OpenSSH\;C:\Program Files\AutoFirmaJA\AutoFirmaJA;C:\Program Files\nodejs\;C:\Users\juanj\.console-ninja\.bin;C:\Program Files\MySQL\MySQL Shell 8.0\bin\;C:\ProgramData\MATLAB\SupportPackages\R2022b\3P.instrset\ev3sourcerylite.instrset\CodeSourcery\bin;C:\Users\juanj\AppData\Local\Programs\Python\Python311\Scripts\;C:\Users\juanj\AppData\Local\Programs\Python\Python311\;C:\Users\juanj\AppData\Roaming\cabal\bin;C:\Users\juanj\AppData\Roaming\local\bin;C:\Users\juanj\AppData\Local\Microsoft\WindowsApps;C:\Users\juanj\AppData\Local\Programs\Microsoft VS Code\bin;C:\Users\juanj\AppData\Roaming\npm;."/>
    <property name="maven.conf" value="C:\apache-maven-3.8.7/conf"/>
    <property name="jdk.debug" value="release"/>
    <property name="java.class.version" value="63.0"/>
    <property name="java.specification.name" value="Java Platform API Specification"/>
    <property name="sun.management.compiler" value="HotSpot 64-Bit Tiered Compilers"/>
    <property name="os.version" value="10.0"/>
    <property name="library.jansi.path" value="C:\apache-maven-3.8.7\lib\jansi-native"/>
    <property name="user.home" value="C:\Users\juanj"/>
    <property name="user.timezone" value="Europe/Madrid"/>
    <property name="file.encoding" value="UTF-8"/>
    <property name="java.specification.version" value="19"/>
    <property name="user.name" value="juanj"/>
    <property name="java.class.path" value="C:\apache-maven-3.8.7\boot\plexus-classworlds-2.6.0.jar"/>
    <property name="java.vm.specification.version" value="19"/>
    <property name="sun.arch.data.model" value="64"/>
    <property name="sun.java.command" value="org.codehaus.plexus.classworlds.launcher.Launcher test"/>
    <property name="java.home" value="C:\Program Files\Java\jdk-19"/>
    <property name="user.language" value="es"/>
    <property name="java.specification.vendor" value="Oracle Corporation"/>
    <property name="java.vm.info" value="mixed mode, sharing"/>
    <property name="java.version" value="19.0.2"/>
    <property name="native.encoding" value="Cp1252"/>
    <property name="java.vendor" value="Oracle Corporation"/>
    <property name="maven.home" value="C:\apache-maven-3.8.7"/>
    <property name="file.separator" value="\"/>
    <property name="java.version.date" value="2023-01-17"/>
    <property name="java.vendor.url.bug" value="https://bugreport.java.com/bugreport/"/>
    <property name="sun.io.unicode.encoding" value="UnicodeLittle"/>
    <property name="sun.cpu.endian" value="little"/>
    <property name="sun.cpu.isalist" value="amd64"/>
  </properties>
  <testcase classname="avl.AvlTreeTest" name="testInserting7_4_3_2_1" time="0.005"/>
  <testcase classname="avl.AvlTreeTest" name="testInserting7_8_9_10_11" time="0"/>
  <testcase classname="avl.AvlTreeTest" name="testDeletingNodesWithTwoLeaves" time="0.001"/>
  <testcase classname="avl.AvlTreeTest" name="testDeletingAndRebalancing" time="0"/>
  <testcase classname="avl.AvlTreeTest" name="testSearchNode" time="0.002"/>
  <testcase classname="avl.AvlTreeTest" name="testInsertingLeftLeftNodeAndRebalance" time="0"/>
  <testcase classname="avl.AvlTreeTest" name="testFindSuccessor" time="0"/>
  <testcase classname="avl.AvlTreeTest" name="testInsertingRightElement" time="0.002"/>
  <testcase classname="avl.AvlTreeTest" name="testInsertingLeftRightNodeAndRebalance" time="0.002"/>
  <testcase classname="avl.AvlTreeTest" name="testInsertTop" time="0"/>
  <testcase classname="avl.AvlTreeTest" name="testDeletingTopNode" time="0.001"/>
  <testcase classname="avl.AvlTreeTest" name="testInsertingRightRightNodeAndRebalance" time="0.001"/>
  <testcase classname="avl.AvlTreeTest" name="testDeletingLeafNodes" time="0.001"/>
  <testcase classname="avl.AvlTreeTest" name="testInsertingRightLeftNodeAndRebalance" time="0"/>
  <testcase classname="avl.AvlTreeTest" name="testCompareNodes" time="0"/>
  <testcase classname="avl.AvlTreeTest" name="testInsertingLeftElement" time="0.001"/>
  <testcase classname="avl.AvlTreeTest" name="testHeightAndBalanceOfASimpleBalancedTree" time="0.001"/>
  <testcase classname="avl.AvlTreeTest" name="testSearchClosestNode" time="0.001"/>
  <testcase classname="avl.AvlTreeTest" name="testDeletingNodesWithOneLeaf" time="0"/>
  <testcase classname="avl.AvlTreeTest" name="testInsertingRightAndLeftElementsJustAfterTop" time="0"/>
  <testcase classname="avl.AvlTreeTest" name="testAvlIsEmpty" time="0.001"/>
</testsuite>